C51 COMPILER V9.60.7.0   TIMER_ISR                                                         08/09/2024 10:17:25 PAGE 1   


C51 COMPILER V9.60.7.0, COMPILATION OF MODULE TIMER_ISR
OBJECT MODULE PLACED IN .\Objects\Timer_Isr.obj
COMPILER INVOKED BY: D:\Keil_v5\C51\BIN\C51.EXE Timer_Isr.c OPTIMIZE(8,SPEED) BROWSE DEBUG OBJECTEXTEND PRINT(.\Listings
                    -\Timer_Isr.lst) TABS(2) OBJECT(.\Objects\Timer_Isr.obj)

line level    source

   1          /*---------------------------------------------------------------------*/
   2          /* --- STC MCU Limited ------------------------------------------------*/
   3          /* --- STC 1T Series MCU Demo Programme -------------------------------*/
   4          /* --- Mobile: (86)13922805190 ----------------------------------------*/
   5          /* --- Fax: 86-0513-55012956,55012947,55012969 ------------------------*/
   6          /* --- Tel: 86-0513-55012928,55012929,55012966 ------------------------*/
   7          /* --- Web: www.STCAI.com ---------------------------------------------*/
   8          /* --- BBS: www.STCAIMCU.com  -----------------------------------------*/
   9          /* --- QQ:  800003751 -------------------------------------------------*/
  10          /* 如果要在程序中使用此代码,请在程序中注明使用了STC的资料及程序            */
  11          /*---------------------------------------------------------------------*/
  12          
  13          #include  "Timer.h"
  14          
  15          extern void timer0_callback();
  16          
  17          //========================================================================
  18          // 函数: Timer0_ISR_Handler
  19          // 描述: Timer0中断函数.
  20          // 参数: none.
  21          // 返回: none.
  22          // 版本: V1.0, 2020-09-23
  23          //========================================================================
  24          void Timer0_ISR_Handler (void) interrupt TMR0_VECTOR    //进中断时已经清除标志
  25          {
  26   1        // TODO: 在此处添加用户代码
  27   1         timer0_callback();
  28   1      }
  29          
  30          //========================================================================
  31          // 函数: Timer1_ISR_Handler
  32          // 描述: Timer1中断函数.
  33          // 参数: none.
  34          // 返回: none.
  35          // 版本: V1.0, 2020-09-23
  36          //========================================================================
  37          void Timer1_ISR_Handler (void) interrupt TMR1_VECTOR    //进中断时已经清除标志
  38          {
  39   1        // TODO: 在此处添加用户代码
  40   1        P66 = ~P66;
  41   1      }
  42          
  43          //========================================================================
  44          // 函数: Timer2_ISR_Handler
  45          // 描述: Timer2中断函数.
  46          // 参数: none.
  47          // 返回: none.
  48          // 版本: V1.0, 2020-09-23
  49          //========================================================================
  50          void Timer2_ISR_Handler (void) interrupt TMR2_VECTOR    //进中断时已经清除标志
  51          {
  52   1        // TODO: 在此处添加用户代码
  53   1        P65 = ~P65;
  54   1      }
C51 COMPILER V9.60.7.0   TIMER_ISR                                                         08/09/2024 10:17:25 PAGE 2   

  55          
  56          //========================================================================
  57          // 函数: Timer3_ISR_Handler
  58          // 描述: Timer3中断函数.
  59          // 参数: none.
  60          // 返回: none.
  61          // 版本: V1.0, 2020-09-23
  62          //========================================================================
  63          void Timer3_ISR_Handler (void) interrupt TMR3_VECTOR    //进中断时已经清除标志
  64          {
  65   1        // TODO: 在此处添加用户代码
  66   1        P64 = ~P64;
  67   1      }
  68          
  69          //========================================================================
  70          // 函数: Timer4_ISR_Handler
  71          // 描述: Timer4中断函数.
  72          // 参数: none.
  73          // 返回: none.
  74          // 版本: V1.0, 2020-09-23
  75          //========================================================================
  76          void Timer4_ISR_Handler (void) interrupt TMR4_VECTOR    //进中断时已经清除标志
  77          {
  78   1        // TODO: 在此处添加用户代码
  79   1        P63 = ~P63;
  80   1      }


MODULE INFORMATION:   STATIC OVERLAYABLE
   CODE SIZE        =     71    ----
   CONSTANT SIZE    =   ----    ----
   XDATA SIZE       =   ----    ----
   PDATA SIZE       =   ----    ----
   DATA SIZE        =   ----    ----
   IDATA SIZE       =   ----    ----
   BIT SIZE         =   ----    ----
END OF MODULE INFORMATION.


C51 COMPILATION COMPLETE.  0 WARNING(S),  0 ERROR(S)
